0 - Thu Dec 26 00:13:23 2024 - Started the gateway
1 - Thu Dec 26 00:13:23 2024 - Initializing with port 5678 and max connections 3
2 - Thu Dec 26 00:13:23 2024 - Connection manager started
3 - Thu Dec 26 00:13:23 2024 - Data manager initialized
4 - Thu Dec 26 00:13:23 2024 - A new data.csv file has been created.
5 - Thu Dec 26 00:13:26 2024 - Sensor node 15 has opened a new connection
6 - Thu Dec 26 00:13:26 2024 - Data insertion from sensor 15 succeeded
7 - Thu Dec 26 00:13:27 2024 - Data insertion from sensor 15 succeeded
8 - Thu Dec 26 00:13:28 2024 - Data insertion from sensor 15 succeeded
9 - Thu Dec 26 00:13:28 2024 - Sensor node 21 has opened a new connection
10 - Thu Dec 26 00:13:28 2024 - Data insertion from sensor 21 succeeded
11 - Thu Dec 26 00:13:28 2024 - Sensor node 21 reports it's too hot (avg temp = 20.1)
12 - Thu Dec 26 00:13:29 2024 - Data insertion from sensor 15 succeeded
13 - Thu Dec 26 00:13:30 2024 - Data insertion from sensor 15 succeeded
14 - Thu Dec 26 00:13:30 2024 - Sensor node 37 has opened a new connection
15 - Thu Dec 26 00:13:30 2024 - Sensor node 37 reports it's too hot (avg temp = 20.0)
16 - Thu Dec 26 00:13:30 2024 - Data insertion from sensor 37 succeeded
17 - Thu Dec 26 00:13:31 2024 - Sensor node 15 reports it's too hot (avg temp = 20.1)
18 - Thu Dec 26 00:13:31 2024 - Data insertion from sensor 15 succeeded
19 - Thu Dec 26 00:13:31 2024 - Sensor node 21 reports it's too hot (avg temp = 20.2)
20 - Thu Dec 26 00:13:31 2024 - Data insertion from sensor 21 succeeded
21 - Thu Dec 26 00:13:32 2024 - Sensor node 15 reports it's too hot (avg temp = 20.3)
22 - Thu Dec 26 00:13:32 2024 - Data insertion from sensor 15 succeeded
23 - Thu Dec 26 00:13:32 2024 - Data insertion from sensor 37 succeeded
24 - Thu Dec 26 00:13:33 2024 - Sensor node 15 reports it's too hot (avg temp = 20.4)
25 - Thu Dec 26 00:13:33 2024 - Data insertion from sensor 15 succeeded
26 - Thu Dec 26 00:13:34 2024 - Sensor node 15 reports it's too hot (avg temp = 20.5)
27 - Thu Dec 26 00:13:34 2024 - Data insertion from sensor 15 succeeded
28 - Thu Dec 26 00:13:34 2024 - Sensor node 21 reports it's too hot (avg temp = 20.2)
29 - Thu Dec 26 00:13:34 2024 - Data insertion from sensor 21 succeeded
30 - Thu Dec 26 00:13:34 2024 - Data insertion from sensor 37 succeeded
31 - Thu Dec 26 00:13:35 2024 - Data insertion from sensor 15 succeeded
32 - Thu Dec 26 00:13:35 2024 - Sensor node 15 reports it's too hot (avg temp = 20.5)
33 - Thu Dec 26 00:13:36 2024 - Data insertion from sensor 15 succeeded
34 - Thu Dec 26 00:13:36 2024 - Sensor node 15 reports it's too hot (avg temp = 20.5)
35 - Thu Dec 26 00:13:36 2024 - Sensor node 37 reports it's too hot (avg temp = 20.0)
36 - Thu Dec 26 00:13:36 2024 - Data insertion from sensor 37 succeeded
37 - Thu Dec 26 00:13:37 2024 - Sensor node 15 reports it's too hot (avg temp = 20.5)
38 - Thu Dec 26 00:13:37 2024 - Data insertion from sensor 15 succeeded
39 - Thu Dec 26 00:13:37 2024 - Data insertion from sensor 21 succeeded
40 - Thu Dec 26 00:13:37 2024 - Sensor node 21 reports it's too hot (avg temp = 20.2)
41 - Thu Dec 26 00:13:38 2024 - Data insertion from sensor 15 succeeded
42 - Thu Dec 26 00:13:38 2024 - Sensor node 15 reports it's too hot (avg temp = 20.3)
43 - Thu Dec 26 00:13:38 2024 - Sensor node 37 reports it's too hot (avg temp = 20.1)
44 - Thu Dec 26 00:13:38 2024 - Data insertion from sensor 37 succeeded
45 - Thu Dec 26 00:13:39 2024 - Data insertion from sensor 15 succeeded
46 - Thu Dec 26 00:13:39 2024 - Sensor node 15 reports it's too hot (avg temp = 20.2)
47 - Thu Dec 26 00:13:40 2024 - Sensor node 21 reports it's too hot (avg temp = 20.3)
48 - Thu Dec 26 00:13:40 2024 - Data insertion from sensor 21 succeeded
49 - Thu Dec 26 00:13:40 2024 - Data insertion from sensor 15 succeeded
50 - Thu Dec 26 00:13:40 2024 - Sensor node 15 reports it's too hot (avg temp = 20.2)
51 - Thu Dec 26 00:13:40 2024 - Sensor node 37 reports it's too hot (avg temp = 20.1)
52 - Thu Dec 26 00:13:40 2024 - Data insertion from sensor 37 succeeded
53 - Thu Dec 26 00:13:41 2024 - Sensor node 15 reports it's too hot (avg temp = 20.0)
54 - Thu Dec 26 00:13:41 2024 - Data insertion from sensor 15 succeeded
55 - Thu Dec 26 00:13:41 2024 - Sensor node 15 has closed the connection
56 - Thu Dec 26 00:13:41 2024 - Sensor node 21 has closed the connection
57 - Thu Dec 26 00:13:41 2024 - Sensor node 37 has closed the connection
58 - Thu Dec 26 00:13:41 2024 - Connection manager shutting down
59 - Thu Dec 26 00:13:41 2024 - Data manager shutting down
60 - Thu Dec 26 00:13:41 2024 - The data.csv file has been closed.
61 - Thu Dec 26 00:13:41 2024 - Connection manager thread completed
62 - Thu Dec 26 00:13:41 2024 - Storage manager shutting down
63 - Thu Dec 26 00:13:41 2024 - Data manager thread completed
64 - Thu Dec 26 00:13:41 2024 - Storage manager thread completed
65 - Thu Dec 26 00:13:41 2024 - Gateway shutting down
